<?xml version="1.0" encoding="UTF-8"?>
<testsuite xmlns:xsi="http://www.w3.org/2001/XMLSchema-instance" xsi:noNamespaceSchemaLocation="https://maven.apache.org/surefire/maven-surefire-plugin/xsd/surefire-test-report-3.0.xsd" version="3.0" name="com.demo.springstartproject.SpringStartProjectApplicationTests" time="4.218" tests="1" errors="0" skipped="0" failures="0">
  <properties>
[...]
</properties>
  <testcase name="contextLoads" classname="com.demo.springstartproject.SpringStartProjectApplicationTests" time="1.093">
    <system-out><![CDATA[20:21:10.185 [main] INFO org.springframework.test.context.support.AnnotationConfigContextLoaderUtils -- Could not detect default configuration classes for test class [com.demo.springstartproject.SpringStartProjectApplicationTests]: SpringStartProjectApplicationTests does not declare any static, non-private, non-final, nested classes annotated with @Configuration.
20:21:10.359 [main] INFO org.springframework.boot.test.context.SpringBootTestContextBootstrapper -- Found @SpringBootConfiguration com.demo.springstartproject.SpringStartProjectApplication for test class com.demo.springstartproject.SpringStartProjectApplicationTests

  .   ____          _            __ _ _
 /\\ / ___'_ __ _ _(_)_ __  __ _ \ \ \ \
( ( )\___ | '_ | '_| | '_ \/ _` | \ \ \ \
 \\/  ___)| |_)| | | | | || (_| |  ) ) ) )
  '  |____| .__|_| |_|_| |_\__, | / / / /
 =========|_|==============|___/=/_/_/_/
 :: Spring Boot ::                (v3.2.1)

2024-01-13T20:21:11.075+05:30  INFO 25432 --- [           main] c.d.s.SpringStartProjectApplicationTests : Starting SpringStartProjectApplicationTests using Java 17.0.7 with PID 25432 (started by prane in C:\Users\prane\Documents\Spring Boot Projects\spring-start-project)
2024-01-13T20:21:11.077+05:30  INFO 25432 --- [           main] c.d.s.SpringStartProjectApplicationTests : No active profile set, falling back to 1 default profile: "default"
2024-01-13T20:21:13.013+05:30  INFO 25432 --- [           main] c.d.s.SpringStartProjectApplicationTests : Started SpringStartProjectApplicationTests in 2.333 seconds (process running for 3.79)
]]></system-out>
  </testcase>
</testsuite>